<?xml version="1.0" encoding="UTF-8"?>
<coverage generated="1773498906621" clover="3.2.0">
  <project timestamp="1773498906621" name="All files">
    <metrics statements="123" coveredstatements="104" conditionals="60" coveredconditionals="48" methods="37" coveredmethods="29" elements="220" coveredelements="181" complexity="0" loc="123" ncloc="123" packages="5" files="5" classes="5"/>
    <package name="main.ipc">
      <metrics statements="64" coveredstatements="53" conditionals="26" coveredconditionals="22" methods="14" coveredmethods="11"/>
      <file name="documents.js" path="/home/runner/work/DinoMD/DinoMD/src/main/ipc/documents.js">
        <metrics statements="64" coveredstatements="53" conditionals="26" coveredconditionals="22" methods="14" coveredmethods="11"/>
        <line num="12" count="12" type="stmt"/>
        <line num="13" count="12" type="stmt"/>
        <line num="14" count="12" type="stmt"/>
        <line num="15" count="12" type="stmt"/>
        <line num="16" count="12" type="stmt"/>
        <line num="21" count="5" type="stmt"/>
        <line num="22" count="5" type="stmt"/>
        <line num="28" count="5" type="cond" truecount="4" falsecount="0"/>
        <line num="29" count="1" type="stmt"/>
        <line num="32" count="4" type="stmt"/>
        <line num="33" count="4" type="stmt"/>
        <line num="34" count="4" type="stmt"/>
        <line num="36" count="4" type="stmt"/>
        <line num="38" count="4" type="cond" truecount="2" falsecount="0"/>
        <line num="39" count="1" type="stmt"/>
        <line num="40" count="1" type="stmt"/>
        <line num="44" count="3" type="cond" truecount="2" falsecount="0"/>
        <line num="45" count="1" type="stmt"/>
        <line num="46" count="1" type="stmt"/>
        <line num="50" count="2" type="stmt"/>
        <line num="51" count="2" type="cond" truecount="2" falsecount="0"/>
        <line num="52" count="1" type="stmt"/>
        <line num="53" count="1" type="stmt"/>
        <line num="56" count="1" type="stmt"/>
        <line num="61" count="1" type="stmt"/>
        <line num="69" count="1" type="stmt"/>
        <line num="72" count="4" type="cond" truecount="2" falsecount="0"/>
        <line num="73" count="1" type="stmt"/>
        <line num="76" count="4" type="stmt"/>
        <line num="78" count="0" type="stmt"/>
        <line num="84" count="1" type="stmt"/>
        <line num="85" count="1" type="stmt"/>
        <line num="87" count="1" type="stmt"/>
        <line num="88" count="2" type="stmt"/>
        <line num="94" count="1" type="stmt"/>
        <line num="95" count="1" type="stmt"/>
        <line num="97" count="0" type="stmt"/>
        <line num="103" count="0" type="stmt"/>
        <line num="104" count="0" type="cond" truecount="0" falsecount="2"/>
        <line num="106" count="0" type="stmt"/>
        <line num="108" count="0" type="stmt"/>
        <line num="109" count="0" type="stmt"/>
        <line num="110" count="0" type="stmt"/>
        <line num="112" count="0" type="stmt"/>
        <line num="118" count="2" type="stmt"/>
        <line num="119" count="2" type="cond" truecount="1" falsecount="1"/>
        <line num="120" count="0" type="stmt"/>
        <line num="123" count="2" type="stmt"/>
        <line num="124" count="3" type="stmt"/>
        <line num="126" count="2" type="cond" truecount="2" falsecount="0"/>
        <line num="128" count="2" type="stmt"/>
        <line num="130" count="1" type="stmt"/>
        <line num="133" count="2" type="stmt"/>
        <line num="134" count="2" type="stmt"/>
        <line num="139" count="1" type="stmt"/>
        <line num="140" count="1" type="stmt"/>
        <line num="142" count="0" type="stmt"/>
        <line num="148" count="3" type="stmt"/>
        <line num="149" count="3" type="cond" truecount="1" falsecount="1"/>
        <line num="151" count="3" type="stmt"/>
        <line num="152" count="3" type="cond" truecount="2" falsecount="0"/>
        <line num="154" count="2" type="stmt"/>
        <line num="155" count="1" type="stmt"/>
        <line num="157" count="1" type="stmt"/>
      </file>
    </package>
    <package name="renderer.src.components.DocumentCard">
      <metrics statements="3" coveredstatements="3" conditionals="8" coveredconditionals="8" methods="2" coveredmethods="2"/>
      <file name="index.jsx" path="/home/runner/work/DinoMD/DinoMD/src/renderer/src/components/DocumentCard/index.jsx">
        <metrics statements="3" coveredstatements="3" conditionals="8" coveredconditionals="8" methods="2" coveredmethods="2"/>
        <line num="4" count="11" type="stmt"/>
        <line num="6" count="11" type="stmt"/>
        <line num="9" count="1" type="cond" truecount="2" falsecount="0"/>
      </file>
    </package>
    <package name="renderer.src.components.DocumentList">
      <metrics statements="13" coveredstatements="13" conditionals="8" coveredconditionals="6" methods="8" coveredmethods="8"/>
      <file name="index.jsx" path="/home/runner/work/DinoMD/DinoMD/src/renderer/src/components/DocumentList/index.jsx">
        <metrics statements="13" coveredstatements="13" conditionals="8" coveredconditionals="6" methods="8" coveredmethods="8"/>
        <line num="28" count="6" type="stmt"/>
        <line num="30" count="6" type="stmt"/>
        <line num="38" count="6" type="stmt"/>
        <line num="52" count="3" type="stmt"/>
        <line num="64" count="2" type="stmt"/>
        <line num="65" count="2" type="cond" truecount="4" falsecount="0"/>
        <line num="67" count="2" type="stmt"/>
        <line num="68" count="1" type="stmt"/>
        <line num="69" count="1" type="stmt"/>
        <line num="70" count="2" type="stmt"/>
        <line num="73" count="3" type="stmt"/>
        <line num="76" count="6" type="stmt"/>
        <line num="81" count="6" type="stmt"/>
      </file>
    </package>
    <package name="renderer.src.components.MarkdownViewer">
      <metrics statements="12" coveredstatements="11" conditionals="10" coveredconditionals="8" methods="4" coveredmethods="3"/>
      <file name="index.jsx" path="/home/runner/work/DinoMD/DinoMD/src/renderer/src/components/MarkdownViewer/index.jsx">
        <metrics statements="12" coveredstatements="11" conditionals="10" coveredconditionals="8" methods="4" coveredmethods="3"/>
        <line num="10" count="8" type="cond" truecount="2" falsecount="2"/>
        <line num="11" count="8" type="stmt"/>
        <line num="12" count="8" type="stmt"/>
        <line num="14" count="8" type="stmt"/>
        <line num="15" count="4" type="stmt"/>
        <line num="18" count="0" type="stmt"/>
        <line num="22" count="8" type="cond" truecount="2" falsecount="0"/>
        <line num="23" count="4" type="stmt"/>
        <line num="32" count="4" type="stmt"/>
        <line num="40" count="5" type="cond" truecount="4" falsecount="0"/>
        <line num="41" count="1" type="stmt"/>
        <line num="44" count="4" type="stmt"/>
      </file>
    </package>
    <package name="renderer.src.hooks">
      <metrics statements="31" coveredstatements="24" conditionals="8" coveredconditionals="4" methods="9" coveredmethods="5"/>
      <file name="useDocuments.js" path="/home/runner/work/DinoMD/DinoMD/src/renderer/src/hooks/useDocuments.js">
        <metrics statements="31" coveredstatements="24" conditionals="8" coveredconditionals="4" methods="9" coveredmethods="5"/>
        <line num="5" count="10" type="stmt"/>
        <line num="6" count="10" type="stmt"/>
        <line num="7" count="10" type="stmt"/>
        <line num="9" count="10" type="stmt"/>
        <line num="10" count="6" type="stmt"/>
        <line num="11" count="6" type="stmt"/>
        <line num="12" count="6" type="stmt"/>
        <line num="13" count="6" type="stmt"/>
        <line num="14" count="6" type="cond" truecount="2" falsecount="0"/>
        <line num="15" count="5" type="stmt"/>
        <line num="17" count="1" type="stmt"/>
        <line num="20" count="0" type="stmt"/>
        <line num="22" count="6" type="stmt"/>
        <line num="26" count="10" type="stmt"/>
        <line num="27" count="4" type="stmt"/>
        <line num="30" count="10" type="stmt"/>
        <line num="31" count="1" type="stmt"/>
        <line num="32" count="1" type="cond" truecount="1" falsecount="1"/>
        <line num="33" count="1" type="stmt"/>
        <line num="36" count="10" type="stmt"/>
        <line num="38" count="1" type="stmt"/>
        <line num="39" count="1" type="cond" truecount="1" falsecount="1"/>
        <line num="40" count="1" type="stmt"/>
        <line num="45" count="10" type="stmt"/>
        <line num="47" count="0" type="stmt"/>
        <line num="48" count="0" type="cond" truecount="0" falsecount="2"/>
        <line num="50" count="0" type="stmt"/>
        <line num="51" count="0" type="stmt"/>
        <line num="52" count="0" type="stmt"/>
        <line num="55" count="0" type="stmt"/>
        <line num="60" count="10" type="stmt"/>
      </file>
    </package>
  </project>
</coverage>
