{"/home/runner/work/DinoMD/DinoMD/src/main/ipc/documents.js": {"path":"/home/runner/work/DinoMD/DinoMD/src/main/ipc/documents.js","statementMap":{"0":{"start":{"line":12,"column":2},"end":{"line":12,"column":61}},"1":{"start":{"line":13,"column":2},"end":{"line":13,"column":51}},"2":{"start":{"line":14,"column":2},"end":{"line":14,"column":50}},"3":{"start":{"line":15,"column":2},"end":{"line":15,"column":52}},"4":{"start":{"line":16,"column":2},"end":{"line":16,"column":61}},"5":{"start":{"line":21,"column":2},"end":{"line":79,"column":3}},"6":{"start":{"line":22,"column":19},"end":{"line":26,"column":6}},"7":{"start":{"line":28,"column":4},"end":{"line":30,"column":5}},"8":{"start":{"line":29,"column":6},"end":{"line":29,"column":70}},"9":{"start":{"line":32,"column":21},"end":{"line":32,"column":35}},"10":{"start":{"line":33,"column":21},"end":{"line":33,"column":23}},"11":{"start":{"line":34,"column":20},"end":{"line":34,"column":22}},"12":{"start":{"line":36,"column":4},"end":{"line":70,"column":5}},"13":{"start":{"line":38,"column":6},"end":{"line":41,"column":7}},"14":{"start":{"line":39,"column":8},"end":{"line":39,"column":58}},"15":{"start":{"line":40,"column":8},"end":{"line":40,"column":16}},"16":{"start":{"line":44,"column":6},"end":{"line":47,"column":7}},"17":{"start":{"line":45,"column":8},"end":{"line":45,"column":55}},"18":{"start":{"line":46,"column":8},"end":{"line":46,"column":16}},"19":{"start":{"line":50,"column":23},"end":{"line":50,"column":49}},"20":{"start":{"line":51,"column":6},"end":{"line":54,"column":7}},"21":{"start":{"line":52,"column":8},"end":{"line":52,"column":56}},"22":{"start":{"line":53,"column":8},"end":{"line":53,"column":16}},"23":{"start":{"line":56,"column":19},"end":{"line":59,"column":30}},"24":{"start":{"line":61,"column":18},"end":{"line":67,"column":7}},"25":{"start":{"line":69,"column":6},"end":{"line":69,"column":24}},"26":{"start":{"line":72,"column":4},"end":{"line":74,"column":5}},"27":{"start":{"line":73,"column":6},"end":{"line":73,"column":46}},"28":{"start":{"line":76,"column":4},"end":{"line":76,"column":60}},"29":{"start":{"line":78,"column":4},"end":{"line":78,"column":76}},"30":{"start":{"line":84,"column":2},"end":{"line":98,"column":3}},"31":{"start":{"line":85,"column":17},"end":{"line":85,"column":31}},"32":{"start":{"line":87,"column":23},"end":{"line":92,"column":5}},"33":{"start":{"line":88,"column":31},"end":{"line":91,"column":7}},"34":{"start":{"line":94,"column":4},"end":{"line":94,"column":58}},"35":{"start":{"line":94,"column":30},"end":{"line":94,"column":57}},"36":{"start":{"line":95,"column":4},"end":{"line":95,"column":64}},"37":{"start":{"line":97,"column":4},"end":{"line":97,"column":64}},"38":{"start":{"line":103,"column":2},"end":{"line":113,"column":3}},"39":{"start":{"line":104,"column":4},"end":{"line":104,"column":59}},"40":{"start":{"line":104,"column":13},"end":{"line":104,"column":59}},"41":{"start":{"line":106,"column":17},"end":{"line":106,"column":62}},"42":{"start":{"line":106,"column":48},"end":{"line":106,"column":61}},"43":{"start":{"line":108,"column":4},"end":{"line":108,"column":52}},"44":{"start":{"line":108,"column":31},"end":{"line":108,"column":49}},"45":{"start":{"line":109,"column":4},"end":{"line":109,"column":22}},"46":{"start":{"line":110,"column":4},"end":{"line":110,"column":41}},"47":{"start":{"line":112,"column":4},"end":{"line":112,"column":49}},"48":{"start":{"line":118,"column":2},"end":{"line":143,"column":3}},"49":{"start":{"line":119,"column":4},"end":{"line":121,"column":5}},"50":{"start":{"line":120,"column":6},"end":{"line":120,"column":69}},"51":{"start":{"line":123,"column":17},"end":{"line":123,"column":31}},"52":{"start":{"line":124,"column":21},"end":{"line":124,"column":51}},"53":{"start":{"line":124,"column":45},"end":{"line":124,"column":49}},"54":{"start":{"line":126,"column":4},"end":{"line":131,"column":5}},"55":{"start":{"line":128,"column":32},"end":{"line":128,"column":48}},"56":{"start":{"line":130,"column":6},"end":{"line":130,"column":87}},"57":{"start":{"line":133,"column":20},"end":{"line":133,"column":66}},"58":{"start":{"line":133,"column":55},"end":{"line":133,"column":64}},"59":{"start":{"line":134,"column":22},"end":{"line":137,"column":7}},"60":{"start":{"line":134,"column":53},"end":{"line":137,"column":5}},"61":{"start":{"line":139,"column":4},"end":{"line":139,"column":27}},"62":{"start":{"line":140,"column":4},"end":{"line":140,"column":41}},"63":{"start":{"line":142,"column":4},"end":{"line":142,"column":49}},"64":{"start":{"line":148,"column":2},"end":{"line":158,"column":3}},"65":{"start":{"line":149,"column":4},"end":{"line":149,"column":74}},"66":{"start":{"line":149,"column":13},"end":{"line":149,"column":74}},"67":{"start":{"line":151,"column":16},"end":{"line":151,"column":36}},"68":{"start":{"line":152,"column":4},"end":{"line":152,"column":83}},"69":{"start":{"line":152,"column":14},"end":{"line":152,"column":83}},"70":{"start":{"line":154,"column":20},"end":{"line":154,"column":54}},"71":{"start":{"line":155,"column":4},"end":{"line":155,"column":50}},"72":{"start":{"line":157,"column":4},"end":{"line":157,"column":64}}},"fnMap":{"0":{"name":"registerDocumentHandlers","decl":{"start":{"line":11,"column":16},"end":{"line":11,"column":40}},"loc":{"start":{"line":11,"column":43},"end":{"line":17,"column":1}},"line":11},"1":{"name":"handleImportFiles","decl":{"start":{"line":20,"column":15},"end":{"line":20,"column":32}},"loc":{"start":{"line":20,"column":35},"end":{"line":80,"column":1}},"line":20},"2":{"name":"handleGetAll","decl":{"start":{"line":83,"column":15},"end":{"line":83,"column":27}},"loc":{"start":{"line":83,"column":30},"end":{"line":99,"column":1}},"line":83},"3":{"name":"(anonymous_3)","decl":{"start":{"line":88,"column":15},"end":{"line":88,"column":16}},"loc":{"start":{"line":88,"column":31},"end":{"line":91,"column":7}},"line":88},"4":{"name":"(anonymous_4)","decl":{"start":{"line":94,"column":20},"end":{"line":94,"column":21}},"loc":{"start":{"line":94,"column":30},"end":{"line":94,"column":57}},"line":94},"5":{"name":"handleRemove","decl":{"start":{"line":102,"column":15},"end":{"line":102,"column":27}},"loc":{"start":{"line":102,"column":44},"end":{"line":114,"column":1}},"line":102},"6":{"name":"(anonymous_6)","decl":{"start":{"line":106,"column":39},"end":{"line":106,"column":40}},"loc":{"start":{"line":106,"column":48},"end":{"line":106,"column":61}},"line":106},"7":{"name":"(anonymous_7)","decl":{"start":{"line":108,"column":17},"end":{"line":108,"column":18}},"loc":{"start":{"line":108,"column":29},"end":{"line":108,"column":51}},"line":108},"8":{"name":"handleReorder","decl":{"start":{"line":117,"column":15},"end":{"line":117,"column":28}},"loc":{"start":{"line":117,"column":53},"end":{"line":144,"column":1}},"line":117},"9":{"name":"(anonymous_9)","decl":{"start":{"line":124,"column":38},"end":{"line":124,"column":39}},"loc":{"start":{"line":124,"column":45},"end":{"line":124,"column":49}},"line":124},"10":{"name":"(anonymous_10)","decl":{"start":{"line":128,"column":24},"end":{"line":128,"column":25}},"loc":{"start":{"line":128,"column":32},"end":{"line":128,"column":48}},"line":128},"11":{"name":"(anonymous_11)","decl":{"start":{"line":133,"column":48},"end":{"line":133,"column":49}},"loc":{"start":{"line":133,"column":55},"end":{"line":133,"column":64}},"line":133},"12":{"name":"(anonymous_12)","decl":{"start":{"line":134,"column":37},"end":{"line":134,"column":38}},"loc":{"start":{"line":134,"column":53},"end":{"line":137,"column":5}},"line":134},"13":{"name":"handleReadContent","decl":{"start":{"line":147,"column":15},"end":{"line":147,"column":32}},"loc":{"start":{"line":147,"column":49},"end":{"line":159,"column":1}},"line":147}},"branchMap":{"0":{"loc":{"start":{"line":28,"column":4},"end":{"line":30,"column":5}},"type":"if","locations":[{"start":{"line":28,"column":4},"end":{"line":30,"column":5}},{"start":{},"end":{}}],"line":28},"1":{"loc":{"start":{"line":28,"column":8},"end":{"line":28,"column":51}},"type":"binary-expr","locations":[{"start":{"line":28,"column":8},"end":{"line":28,"column":23}},{"start":{"line":28,"column":27},"end":{"line":28,"column":51}}],"line":28},"2":{"loc":{"start":{"line":38,"column":6},"end":{"line":41,"column":7}},"type":"if","locations":[{"start":{"line":38,"column":6},"end":{"line":41,"column":7}},{"start":{},"end":{}}],"line":38},"3":{"loc":{"start":{"line":44,"column":6},"end":{"line":47,"column":7}},"type":"if","locations":[{"start":{"line":44,"column":6},"end":{"line":47,"column":7}},{"start":{},"end":{}}],"line":44},"4":{"loc":{"start":{"line":51,"column":6},"end":{"line":54,"column":7}},"type":"if","locations":[{"start":{"line":51,"column":6},"end":{"line":54,"column":7}},{"start":{},"end":{}}],"line":51},"5":{"loc":{"start":{"line":72,"column":4},"end":{"line":74,"column":5}},"type":"if","locations":[{"start":{"line":72,"column":4},"end":{"line":74,"column":5}},{"start":{},"end":{}}],"line":72},"6":{"loc":{"start":{"line":90,"column":16},"end":{"line":90,"column":74}},"type":"cond-expr","locations":[{"start":{"line":90,"column":51},"end":{"line":90,"column":62}},{"start":{"line":90,"column":65},"end":{"line":90,"column":74}}],"line":90},"7":{"loc":{"start":{"line":104,"column":4},"end":{"line":104,"column":59}},"type":"if","locations":[{"start":{"line":104,"column":4},"end":{"line":104,"column":59}},{"start":{},"end":{}}],"line":104},"8":{"loc":{"start":{"line":119,"column":4},"end":{"line":121,"column":5}},"type":"if","locations":[{"start":{"line":119,"column":4},"end":{"line":121,"column":5}},{"start":{},"end":{}}],"line":119},"9":{"loc":{"start":{"line":126,"column":4},"end":{"line":131,"column":5}},"type":"if","locations":[{"start":{"line":126,"column":4},"end":{"line":131,"column":5}},{"start":{},"end":{}}],"line":126},"10":{"loc":{"start":{"line":127,"column":6},"end":{"line":128,"column":49}},"type":"binary-expr","locations":[{"start":{"line":127,"column":6},"end":{"line":127,"column":39}},{"start":{"line":128,"column":6},"end":{"line":128,"column":49}}],"line":127},"11":{"loc":{"start":{"line":149,"column":4},"end":{"line":149,"column":74}},"type":"if","locations":[{"start":{"line":149,"column":4},"end":{"line":149,"column":74}},{"start":{},"end":{}}],"line":149},"12":{"loc":{"start":{"line":152,"column":4},"end":{"line":152,"column":83}},"type":"if","locations":[{"start":{"line":152,"column":4},"end":{"line":152,"column":83}},{"start":{},"end":{}}],"line":152}},"s":{"0":12,"1":12,"2":12,"3":12,"4":12,"5":5,"6":5,"7":5,"8":1,"9":4,"10":4,"11":4,"12":4,"13":4,"14":1,"15":1,"16":3,"17":1,"18":1,"19":2,"20":2,"21":1,"22":1,"23":1,"24":1,"25":1,"26":4,"27":1,"28":4,"29":0,"30":1,"31":1,"32":1,"33":2,"34":1,"35":1,"36":1,"37":0,"38":0,"39":0,"40":0,"41":0,"42":0,"43":0,"44":0,"45":0,"46":0,"47":0,"48":2,"49":2,"50":0,"51":2,"52":2,"53":3,"54":2,"55":2,"56":1,"57":1,"58":2,"59":1,"60":2,"61":1,"62":1,"63":0,"64":3,"65":3,"66":0,"67":3,"68":3,"69":1,"70":2,"71":1,"72":1},"f":{"0":12,"1":5,"2":1,"3":2,"4":1,"5":0,"6":0,"7":0,"8":2,"9":3,"10":2,"11":2,"12":2,"13":3},"b":{"0":[1,4],"1":[5,4],"2":[1,3],"3":[1,2],"4":[1,1],"5":[1,3],"6":[1,1],"7":[0,0],"8":[0,2],"9":[1,1],"10":[2,1],"11":[0,3],"12":[1,2]},"_coverageSchema":"1a1c01bbd47fc00a2c39e90264f33305004495a9","hash":"b7488b7571701e67cfbad7102904b7467ff52ddb"}
,"/home/runner/work/DinoMD/DinoMD/src/renderer/src/components/DocumentCard/index.jsx": {"path":"/home/runner/work/DinoMD/DinoMD/src/renderer/src/components/DocumentCard/index.jsx","statementMap":{"0":{"start":{"line":4,"column":20},"end":{"line":4,"column":40}},"1":{"start":{"line":6,"column":2},"end":{"line":21,"column":3}},"2":{"start":{"line":9,"column":45},"end":{"line":9,"column":62}}},"fnMap":{"0":{"name":"DocumentCard","decl":{"start":{"line":3,"column":24},"end":{"line":3,"column":36}},"loc":{"start":{"line":3,"column":92},"end":{"line":22,"column":1}},"line":3},"1":{"name":"(anonymous_1)","decl":{"start":{"line":9,"column":39},"end":{"line":9,"column":40}},"loc":{"start":{"line":9,"column":45},"end":{"line":9,"column":62}},"line":9}},"branchMap":{"0":{"loc":{"start":{"line":8,"column":35},"end":{"line":8,"column":66}},"type":"cond-expr","locations":[{"start":{"line":8,"column":47},"end":{"line":8,"column":61}},{"start":{"line":8,"column":64},"end":{"line":8,"column":66}}],"line":8},"1":{"loc":{"start":{"line":9,"column":15},"end":{"line":9,"column":62}},"type":"cond-expr","locations":[{"start":{"line":9,"column":27},"end":{"line":9,"column":36}},{"start":{"line":9,"column":39},"end":{"line":9,"column":62}}],"line":9},"2":{"loc":{"start":{"line":10,"column":13},"end":{"line":10,"column":71}},"type":"cond-expr","locations":[{"start":{"line":10,"column":25},"end":{"line":10,"column":64}},{"start":{"line":10,"column":67},"end":{"line":10,"column":71}}],"line":10},"3":{"loc":{"start":{"line":18,"column":9},"end":{"line":18,"column":67}},"type":"binary-expr","locations":[{"start":{"line":18,"column":9},"end":{"line":18,"column":18}},{"start":{"line":18,"column":22},"end":{"line":18,"column":67}}],"line":18}},"s":{"0":11,"1":11,"2":1},"f":{"0":11,"1":1},"b":{"0":[2,9],"1":[2,9],"2":[2,9],"3":[11,2]},"_coverageSchema":"1a1c01bbd47fc00a2c39e90264f33305004495a9","hash":"4ac36caee279715e33246451a911c147f74736f4"}
,"/home/runner/work/DinoMD/DinoMD/src/renderer/src/components/DocumentList/index.jsx": {"path":"/home/runner/work/DinoMD/DinoMD/src/renderer/src/components/DocumentList/index.jsx","statementMap":{"0":{"start":{"line":28,"column":6},"end":{"line":28,"column":33}},"1":{"start":{"line":30,"column":16},"end":{"line":36,"column":3}},"2":{"start":{"line":38,"column":2},"end":{"line":48,"column":3}},"3":{"start":{"line":52,"column":18},"end":{"line":61,"column":3}},"4":{"start":{"line":64,"column":29},"end":{"line":64,"column":34}},"5":{"start":{"line":65,"column":4},"end":{"line":65,"column":46}},"6":{"start":{"line":65,"column":40},"end":{"line":65,"column":46}},"7":{"start":{"line":67,"column":21},"end":{"line":67,"column":67}},"8":{"start":{"line":67,"column":48},"end":{"line":67,"column":66}},"9":{"start":{"line":68,"column":21},"end":{"line":68,"column":65}},"10":{"start":{"line":68,"column":48},"end":{"line":68,"column":64}},"11":{"start":{"line":69,"column":22},"end":{"line":69,"column":62}},"12":{"start":{"line":70,"column":4},"end":{"line":70,"column":41}},"13":{"start":{"line":70,"column":35},"end":{"line":70,"column":39}},"14":{"start":{"line":73,"column":2},"end":{"line":86,"column":3}},"15":{"start":{"line":76,"column":36},"end":{"line":76,"column":40}},"16":{"start":{"line":81,"column":12},"end":{"line":81,"column":67}}},"fnMap":{"0":{"name":"SortableCard","decl":{"start":{"line":20,"column":9},"end":{"line":20,"column":21}},"loc":{"start":{"line":20,"column":39},"end":{"line":49,"column":1}},"line":20},"1":{"name":"DocumentList","decl":{"start":{"line":51,"column":24},"end":{"line":51,"column":36}},"loc":{"start":{"line":51,"column":71},"end":{"line":87,"column":1}},"line":51},"2":{"name":"handleDragEnd","decl":{"start":{"line":63,"column":11},"end":{"line":63,"column":24}},"loc":{"start":{"line":63,"column":32},"end":{"line":71,"column":3}},"line":63},"3":{"name":"(anonymous_3)","decl":{"start":{"line":67,"column":41},"end":{"line":67,"column":42}},"loc":{"start":{"line":67,"column":48},"end":{"line":67,"column":66}},"line":67},"4":{"name":"(anonymous_4)","decl":{"start":{"line":68,"column":41},"end":{"line":68,"column":42}},"loc":{"start":{"line":68,"column":48},"end":{"line":68,"column":64}},"line":68},"5":{"name":"(anonymous_5)","decl":{"start":{"line":70,"column":28},"end":{"line":70,"column":29}},"loc":{"start":{"line":70,"column":35},"end":{"line":70,"column":39}},"line":70},"6":{"name":"(anonymous_6)","decl":{"start":{"line":76,"column":29},"end":{"line":76,"column":30}},"loc":{"start":{"line":76,"column":36},"end":{"line":76,"column":40}},"line":76},"7":{"name":"(anonymous_7)","decl":{"start":{"line":80,"column":25},"end":{"line":80,"column":26}},"loc":{"start":{"line":81,"column":12},"end":{"line":81,"column":67}},"line":81}},"branchMap":{"0":{"loc":{"start":{"line":33,"column":13},"end":{"line":33,"column":33}},"type":"cond-expr","locations":[{"start":{"line":33,"column":26},"end":{"line":33,"column":29}},{"start":{"line":33,"column":32},"end":{"line":33,"column":33}}],"line":33},"1":{"loc":{"start":{"line":35,"column":12},"end":{"line":35,"column":36}},"type":"cond-expr","locations":[{"start":{"line":35,"column":25},"end":{"line":35,"column":27}},{"start":{"line":35,"column":30},"end":{"line":35,"column":36}}],"line":35},"2":{"loc":{"start":{"line":65,"column":4},"end":{"line":65,"column":46}},"type":"if","locations":[{"start":{"line":65,"column":4},"end":{"line":65,"column":46}},{"start":{},"end":{}}],"line":65},"3":{"loc":{"start":{"line":65,"column":8},"end":{"line":65,"column":38}},"type":"binary-expr","locations":[{"start":{"line":65,"column":8},"end":{"line":65,"column":13}},{"start":{"line":65,"column":17},"end":{"line":65,"column":38}}],"line":65}},"s":{"0":6,"1":6,"2":6,"3":3,"4":2,"5":2,"6":1,"7":1,"8":2,"9":1,"10":1,"11":1,"12":1,"13":2,"14":3,"15":6,"16":6},"f":{"0":6,"1":3,"2":2,"3":2,"4":1,"5":2,"6":6,"7":6},"b":{"0":[0,6],"1":[0,6],"2":[1,1],"3":[2,2]},"_coverageSchema":"1a1c01bbd47fc00a2c39e90264f33305004495a9","hash":"14cfe7ffc834c66eab4af14cc820cc17cc7ca4bc"}
,"/home/runner/work/DinoMD/DinoMD/src/renderer/src/components/MarkdownViewer/index.jsx": {"path":"/home/runner/work/DinoMD/DinoMD/src/renderer/src/components/MarkdownViewer/index.jsx","statementMap":{"0":{"start":{"line":10,"column":22},"end":{"line":10,"column":74}},"1":{"start":{"line":11,"column":15},"end":{"line":11,"column":50}},"2":{"start":{"line":12,"column":26},"end":{"line":12,"column":38}},"3":{"start":{"line":14,"column":2},"end":{"line":20,"column":25}},"4":{"start":{"line":15,"column":4},"end":{"line":19,"column":8}},"5":{"start":{"line":18,"column":8},"end":{"line":18,"column":81}},"6":{"start":{"line":22,"column":2},"end":{"line":30,"column":3}},"7":{"start":{"line":23,"column":4},"end":{"line":29,"column":5}},"8":{"start":{"line":32,"column":2},"end":{"line":36,"column":3}},"9":{"start":{"line":40,"column":2},"end":{"line":42,"column":3}},"10":{"start":{"line":41,"column":4},"end":{"line":41,"column":15}},"11":{"start":{"line":44,"column":2},"end":{"line":54,"column":3}}},"fnMap":{"0":{"name":"CodeBlock","decl":{"start":{"line":9,"column":9},"end":{"line":9,"column":18}},"loc":{"start":{"line":9,"column":44},"end":{"line":37,"column":1}},"line":9},"1":{"name":"(anonymous_1)","decl":{"start":{"line":14,"column":12},"end":{"line":14,"column":13}},"loc":{"start":{"line":14,"column":18},"end":{"line":20,"column":3}},"line":14},"2":{"name":"(anonymous_2)","decl":{"start":{"line":17,"column":13},"end":{"line":17,"column":14}},"loc":{"start":{"line":17,"column":19},"end":{"line":19,"column":7}},"line":17},"3":{"name":"MarkdownViewer","decl":{"start":{"line":39,"column":24},"end":{"line":39,"column":38}},"loc":{"start":{"line":39,"column":56},"end":{"line":55,"column":1}},"line":39}},"branchMap":{"0":{"loc":{"start":{"line":10,"column":22},"end":{"line":10,"column":74}},"type":"binary-expr","locations":[{"start":{"line":10,"column":22},"end":{"line":10,"column":64}},{"start":{"line":10,"column":68},"end":{"line":10,"column":74}}],"line":10},"1":{"loc":{"start":{"line":10,"column":23},"end":{"line":10,"column":38}},"type":"binary-expr","locations":[{"start":{"line":10,"column":23},"end":{"line":10,"column":32}},{"start":{"line":10,"column":36},"end":{"line":10,"column":38}}],"line":10},"2":{"loc":{"start":{"line":22,"column":2},"end":{"line":30,"column":3}},"type":"if","locations":[{"start":{"line":22,"column":2},"end":{"line":30,"column":3}},{"start":{},"end":{}}],"line":22},"3":{"loc":{"start":{"line":40,"column":2},"end":{"line":42,"column":3}},"type":"if","locations":[{"start":{"line":40,"column":2},"end":{"line":42,"column":3}},{"start":{},"end":{}}],"line":40},"4":{"loc":{"start":{"line":40,"column":6},"end":{"line":40,"column":40}},"type":"binary-expr","locations":[{"start":{"line":40,"column":6},"end":{"line":40,"column":18}},{"start":{"line":40,"column":22},"end":{"line":40,"column":40}}],"line":40}},"s":{"0":8,"1":8,"2":8,"3":8,"4":4,"5":0,"6":8,"7":4,"8":4,"9":5,"10":1,"11":4},"f":{"0":8,"1":4,"2":0,"3":5},"b":{"0":[8,0],"1":[8,0],"2":[4,4],"3":[1,4],"4":[5,1]},"_coverageSchema":"1a1c01bbd47fc00a2c39e90264f33305004495a9","hash":"5eb01a73aac0554f31b0ab21d5ef13218a792cfe"}
,"/home/runner/work/DinoMD/DinoMD/src/renderer/src/hooks/useDocuments.js": {"path":"/home/runner/work/DinoMD/DinoMD/src/renderer/src/hooks/useDocuments.js","statementMap":{"0":{"start":{"line":5,"column":36},"end":{"line":5,"column":48}},"1":{"start":{"line":6,"column":32},"end":{"line":6,"column":46}},"2":{"start":{"line":7,"column":28},"end":{"line":7,"column":42}},"3":{"start":{"line":9,"column":18},"end":{"line":24,"column":8}},"4":{"start":{"line":10,"column":4},"end":{"line":10,"column":20}},"5":{"start":{"line":11,"column":4},"end":{"line":11,"column":18}},"6":{"start":{"line":12,"column":4},"end":{"line":23,"column":5}},"7":{"start":{"line":13,"column":21},"end":{"line":13,"column":39}},"8":{"start":{"line":14,"column":6},"end":{"line":18,"column":7}},"9":{"start":{"line":15,"column":8},"end":{"line":15,"column":38}},"10":{"start":{"line":17,"column":8},"end":{"line":17,"column":30}},"11":{"start":{"line":20,"column":6},"end":{"line":20,"column":27}},"12":{"start":{"line":22,"column":6},"end":{"line":22,"column":23}},"13":{"start":{"line":26,"column":2},"end":{"line":28,"column":15}},"14":{"start":{"line":27,"column":4},"end":{"line":27,"column":13}},"15":{"start":{"line":30,"column":22},"end":{"line":34,"column":15}},"16":{"start":{"line":31,"column":19},"end":{"line":31,"column":42}},"17":{"start":{"line":32,"column":4},"end":{"line":32,"column":39}},"18":{"start":{"line":32,"column":24},"end":{"line":32,"column":39}},"19":{"start":{"line":33,"column":4},"end":{"line":33,"column":17}},"20":{"start":{"line":36,"column":25},"end":{"line":43,"column":3}},"21":{"start":{"line":38,"column":21},"end":{"line":38,"column":45}},"22":{"start":{"line":39,"column":6},"end":{"line":39,"column":41}},"23":{"start":{"line":39,"column":26},"end":{"line":39,"column":41}},"24":{"start":{"line":40,"column":6},"end":{"line":40,"column":19}},"25":{"start":{"line":45,"column":27},"end":{"line":58,"column":3}},"26":{"start":{"line":47,"column":21},"end":{"line":47,"column":54}},"27":{"start":{"line":48,"column":6},"end":{"line":54,"column":7}},"28":{"start":{"line":50,"column":8},"end":{"line":53,"column":10}},"29":{"start":{"line":51,"column":22},"end":{"line":51,"column":68}},"30":{"start":{"line":51,"column":57},"end":{"line":51,"column":66}},"31":{"start":{"line":52,"column":10},"end":{"line":52,"column":83}},"32":{"start":{"line":52,"column":48},"end":{"line":52,"column":81}},"33":{"start":{"line":55,"column":6},"end":{"line":55,"column":19}},"34":{"start":{"line":60,"column":2},"end":{"line":60,"column":85}}},"fnMap":{"0":{"name":"useDocuments","decl":{"start":{"line":4,"column":24},"end":{"line":4,"column":36}},"loc":{"start":{"line":4,"column":39},"end":{"line":61,"column":1}},"line":4},"1":{"name":"(anonymous_1)","decl":{"start":{"line":9,"column":30},"end":{"line":9,"column":31}},"loc":{"start":{"line":9,"column":42},"end":{"line":24,"column":3}},"line":9},"2":{"name":"(anonymous_2)","decl":{"start":{"line":26,"column":12},"end":{"line":26,"column":13}},"loc":{"start":{"line":26,"column":18},"end":{"line":28,"column":3}},"line":26},"3":{"name":"(anonymous_3)","decl":{"start":{"line":30,"column":34},"end":{"line":30,"column":35}},"loc":{"start":{"line":30,"column":46},"end":{"line":34,"column":3}},"line":30},"4":{"name":"(anonymous_4)","decl":{"start":{"line":37,"column":4},"end":{"line":37,"column":5}},"loc":{"start":{"line":37,"column":18},"end":{"line":41,"column":5}},"line":37},"5":{"name":"(anonymous_5)","decl":{"start":{"line":46,"column":4},"end":{"line":46,"column":5}},"loc":{"start":{"line":46,"column":26},"end":{"line":56,"column":5}},"line":46},"6":{"name":"(anonymous_6)","decl":{"start":{"line":50,"column":21},"end":{"line":50,"column":22}},"loc":{"start":{"line":50,"column":31},"end":{"line":53,"column":9}},"line":50},"7":{"name":"(anonymous_7)","decl":{"start":{"line":51,"column":50},"end":{"line":51,"column":51}},"loc":{"start":{"line":51,"column":57},"end":{"line":51,"column":66}},"line":51},"8":{"name":"(anonymous_8)","decl":{"start":{"line":52,"column":32},"end":{"line":52,"column":33}},"loc":{"start":{"line":52,"column":48},"end":{"line":52,"column":81}},"line":52}},"branchMap":{"0":{"loc":{"start":{"line":14,"column":6},"end":{"line":18,"column":7}},"type":"if","locations":[{"start":{"line":14,"column":6},"end":{"line":18,"column":7}},{"start":{"line":16,"column":13},"end":{"line":18,"column":7}}],"line":14},"1":{"loc":{"start":{"line":32,"column":4},"end":{"line":32,"column":39}},"type":"if","locations":[{"start":{"line":32,"column":4},"end":{"line":32,"column":39}},{"start":{},"end":{}}],"line":32},"2":{"loc":{"start":{"line":39,"column":6},"end":{"line":39,"column":41}},"type":"if","locations":[{"start":{"line":39,"column":6},"end":{"line":39,"column":41}},{"start":{},"end":{}}],"line":39},"3":{"loc":{"start":{"line":48,"column":6},"end":{"line":54,"column":7}},"type":"if","locations":[{"start":{"line":48,"column":6},"end":{"line":54,"column":7}},{"start":{},"end":{}}],"line":48}},"s":{"0":10,"1":10,"2":10,"3":10,"4":6,"5":6,"6":6,"7":6,"8":6,"9":5,"10":1,"11":0,"12":6,"13":10,"14":4,"15":10,"16":1,"17":1,"18":1,"19":1,"20":10,"21":1,"22":1,"23":1,"24":1,"25":10,"26":0,"27":0,"28":0,"29":0,"30":0,"31":0,"32":0,"33":0,"34":10},"f":{"0":10,"1":6,"2":4,"3":1,"4":1,"5":0,"6":0,"7":0,"8":0},"b":{"0":[5,1],"1":[1,0],"2":[1,0],"3":[0,0]},"_coverageSchema":"1a1c01bbd47fc00a2c39e90264f33305004495a9","hash":"88f3fb81c26ab99aeaa5591ba88cfc000772e6bb"}
}
