TN:
SF:src/main/ipc/documents.js
FN:11,registerDocumentHandlers
FN:20,handleImportFiles
FN:83,handleGetAll
FN:88,(anonymous_3)
FN:94,(anonymous_4)
FN:102,handleRemove
FN:106,(anonymous_6)
FN:108,(anonymous_7)
FN:117,handleReorder
FN:124,(anonymous_9)
FN:128,(anonymous_10)
FN:133,(anonymous_11)
FN:134,(anonymous_12)
FN:147,handleReadContent
FNF:14
FNH:11
FNDA:12,registerDocumentHandlers
FNDA:5,handleImportFiles
FNDA:1,handleGetAll
FNDA:2,(anonymous_3)
FNDA:1,(anonymous_4)
FNDA:0,handleRemove
FNDA:0,(anonymous_6)
FNDA:0,(anonymous_7)
FNDA:2,handleReorder
FNDA:3,(anonymous_9)
FNDA:2,(anonymous_10)
FNDA:2,(anonymous_11)
FNDA:2,(anonymous_12)
FNDA:3,handleReadContent
DA:12,12
DA:13,12
DA:14,12
DA:15,12
DA:16,12
DA:21,5
DA:22,5
DA:28,5
DA:29,1
DA:32,4
DA:33,4
DA:34,4
DA:36,4
DA:38,4
DA:39,1
DA:40,1
DA:44,3
DA:45,1
DA:46,1
DA:50,2
DA:51,2
DA:52,1
DA:53,1
DA:56,1
DA:61,1
DA:69,1
DA:72,4
DA:73,1
DA:76,4
DA:78,0
DA:84,1
DA:85,1
DA:87,1
DA:88,2
DA:94,1
DA:95,1
DA:97,0
DA:103,0
DA:104,0
DA:106,0
DA:108,0
DA:109,0
DA:110,0
DA:112,0
DA:118,2
DA:119,2
DA:120,0
DA:123,2
DA:124,3
DA:126,2
DA:128,2
DA:130,1
DA:133,2
DA:134,2
DA:139,1
DA:140,1
DA:142,0
DA:148,3
DA:149,3
DA:151,3
DA:152,3
DA:154,2
DA:155,1
DA:157,1
LF:64
LH:53
BRDA:28,0,0,1
BRDA:28,0,1,4
BRDA:28,1,0,5
BRDA:28,1,1,4
BRDA:38,2,0,1
BRDA:38,2,1,3
BRDA:44,3,0,1
BRDA:44,3,1,2
BRDA:51,4,0,1
BRDA:51,4,1,1
BRDA:72,5,0,1
BRDA:72,5,1,3
BRDA:90,6,0,1
BRDA:90,6,1,1
BRDA:104,7,0,0
BRDA:104,7,1,0
BRDA:119,8,0,0
BRDA:119,8,1,2
BRDA:126,9,0,1
BRDA:126,9,1,1
BRDA:127,10,0,2
BRDA:127,10,1,1
BRDA:149,11,0,0
BRDA:149,11,1,3
BRDA:152,12,0,1
BRDA:152,12,1,2
BRF:26
BRH:22
end_of_record
TN:
SF:src/renderer/src/components/DocumentCard/index.jsx
FN:3,DocumentCard
FN:9,(anonymous_1)
FNF:2
FNH:2
FNDA:11,DocumentCard
FNDA:1,(anonymous_1)
DA:4,11
DA:6,11
DA:9,1
LF:3
LH:3
BRDA:8,0,0,2
BRDA:8,0,1,9
BRDA:9,1,0,2
BRDA:9,1,1,9
BRDA:10,2,0,2
BRDA:10,2,1,9
BRDA:18,3,0,11
BRDA:18,3,1,2
BRF:8
BRH:8
end_of_record
TN:
SF:src/renderer/src/components/DocumentList/index.jsx
FN:20,SortableCard
FN:51,DocumentList
FN:63,handleDragEnd
FN:67,(anonymous_3)
FN:68,(anonymous_4)
FN:70,(anonymous_5)
FN:76,(anonymous_6)
FN:80,(anonymous_7)
FNF:8
FNH:8
FNDA:6,SortableCard
FNDA:3,DocumentList
FNDA:2,handleDragEnd
FNDA:2,(anonymous_3)
FNDA:1,(anonymous_4)
FNDA:2,(anonymous_5)
FNDA:6,(anonymous_6)
FNDA:6,(anonymous_7)
DA:28,6
DA:30,6
DA:38,6
DA:52,3
DA:64,2
DA:65,2
DA:67,2
DA:68,1
DA:69,1
DA:70,2
DA:73,3
DA:76,6
DA:81,6
LF:13
LH:13
BRDA:33,0,0,0
BRDA:33,0,1,6
BRDA:35,1,0,0
BRDA:35,1,1,6
BRDA:65,2,0,1
BRDA:65,2,1,1
BRDA:65,3,0,2
BRDA:65,3,1,2
BRF:8
BRH:6
end_of_record
TN:
SF:src/renderer/src/components/MarkdownViewer/index.jsx
FN:9,CodeBlock
FN:14,(anonymous_1)
FN:17,(anonymous_2)
FN:39,MarkdownViewer
FNF:4
FNH:3
FNDA:8,CodeBlock
FNDA:4,(anonymous_1)
FNDA:0,(anonymous_2)
FNDA:5,MarkdownViewer
DA:10,8
DA:11,8
DA:12,8
DA:14,8
DA:15,4
DA:18,0
DA:22,8
DA:23,4
DA:32,4
DA:40,5
DA:41,1
DA:44,4
LF:12
LH:11
BRDA:10,0,0,8
BRDA:10,0,1,0
BRDA:10,1,0,8
BRDA:10,1,1,0
BRDA:22,2,0,4
BRDA:22,2,1,4
BRDA:40,3,0,1
BRDA:40,3,1,4
BRDA:40,4,0,5
BRDA:40,4,1,1
BRF:10
BRH:8
end_of_record
TN:
SF:src/renderer/src/hooks/useDocuments.js
FN:4,useDocuments
FN:9,(anonymous_1)
FN:26,(anonymous_2)
FN:30,(anonymous_3)
FN:37,(anonymous_4)
FN:46,(anonymous_5)
FN:50,(anonymous_6)
FN:51,(anonymous_7)
FN:52,(anonymous_8)
FNF:9
FNH:5
FNDA:10,useDocuments
FNDA:6,(anonymous_1)
FNDA:4,(anonymous_2)
FNDA:1,(anonymous_3)
FNDA:1,(anonymous_4)
FNDA:0,(anonymous_5)
FNDA:0,(anonymous_6)
FNDA:0,(anonymous_7)
FNDA:0,(anonymous_8)
DA:5,10
DA:6,10
DA:7,10
DA:9,10
DA:10,6
DA:11,6
DA:12,6
DA:13,6
DA:14,6
DA:15,5
DA:17,1
DA:20,0
DA:22,6
DA:26,10
DA:27,4
DA:30,10
DA:31,1
DA:32,1
DA:33,1
DA:36,10
DA:38,1
DA:39,1
DA:40,1
DA:45,10
DA:47,0
DA:48,0
DA:50,0
DA:51,0
DA:52,0
DA:55,0
DA:60,10
LF:31
LH:24
BRDA:14,0,0,5
BRDA:14,0,1,1
BRDA:32,1,0,1
BRDA:32,1,1,0
BRDA:39,2,0,1
BRDA:39,2,1,0
BRDA:48,3,0,0
BRDA:48,3,1,0
BRF:8
BRH:4
end_of_record
